[2025-08-14 12:58:18] [INFO] VoxStream launcher started
[2025-08-14 12:58:18] [INFO] Validating system requirements...
[2025-08-14 12:58:18] [INFO] System: Darwin 13.7.6, Arch: x86_64, Java: 17.0.15
[2025-08-14 12:58:18] [INFO] System requirements validation passed
[2025-08-14 12:58:18] [INFO] Building application...
[2025-08-14 12:58:23] [INFO] Application build completed
[2025-08-14 12:58:23] [INFO] Launching VoxStream application...
[2025-08-14 12:58:24] [INFO] Executing: /Users/davidstafford/git/vox-stream/mvnw javafx:run -f voxstream-frontend/pom.xml
[2025-08-14 12:59:22] [INFO] VoxStream launcher started
[2025-08-14 12:59:22] [INFO] Validating system requirements...
[2025-08-14 12:59:22] [INFO] System: Darwin 13.7.6, Arch: x86_64, Java: 17.0.15
[2025-08-14 12:59:22] [INFO] System requirements validation passed
[2025-08-14 12:59:22] [INFO] Building application...
[2025-08-14 12:59:29] [INFO] Application build completed
[2025-08-14 12:59:29] [INFO] Launching VoxStream application...
[2025-08-14 12:59:29] [INFO] Executing: /Users/davidstafford/git/vox-stream/mvnw javafx:run -f voxstream-frontend/pom.xml
[2025-08-14 13:02:34] [INFO] Launcher interrupted by user
[2025-08-14 13:08:44] [INFO] VoxStream launcher started
[2025-08-14 13:08:44] [INFO] Validating system requirements...
[2025-08-14 13:08:45] [INFO] System: Darwin 13.7.6, Arch: x86_64, Java: 17.0.15
[2025-08-14 13:08:45] [INFO] System requirements validation passed
[2025-08-14 13:08:45] [INFO] Building application...
[2025-08-14 13:08:51] [INFO] Application build completed
[2025-08-14 13:08:51] [INFO] Launching VoxStream application...
[2025-08-14 13:08:51] [INFO] Executing: /Users/davidstafford/git/vox-stream/mvnw javafx:run -f voxstream-frontend/pom.xml
[2025-08-14 13:16:21] [INFO] VoxStream launcher started
[2025-08-14 13:16:21] [INFO] Validating system requirements...
[2025-08-14 13:16:21] [INFO] System: Darwin 13.7.6, Arch: x86_64, Java: 17.0.15
[2025-08-14 13:16:21] [INFO] System requirements validation passed
[2025-08-14 13:16:21] [INFO] Building application...
[2025-08-14 13:16:27] [INFO] Application build completed
[2025-08-14 13:16:27] [INFO] Launching VoxStream application...
[2025-08-14 13:16:27] [INFO] Executing: /Users/davidstafford/git/vox-stream/mvnw javafx:run -f voxstream-frontend/pom.xml
